The following modules were not unloaded:
  (Use "module --force purge" to unload all):

  1) 2023.01   2) StdEnv
Warning: You are sending unauthenticated requests to the HF Hub. Please set a HF_TOKEN to enable higher rate limits and faster downloads.
Loading weights:   0%|          | 0/389 [00:00<?, ?it/s]Loading weights:  22%|██▏       | 85/389 [00:00<00:00, 803.84it/s]Loading weights:  77%|███████▋  | 299/389 [00:00<00:00, 1561.87it/s]Loading weights: 100%|██████████| 389/389 [00:00<00:00, 1629.85it/s]
[transformers] [1mRobertaForSequenceClassification LOAD REPORT[0m from: roberta-large
Key                        | Status     | 
---------------------------+------------+-
lm_head.dense.bias         | UNEXPECTED | 
lm_head.layer_norm.weight  | UNEXPECTED | 
lm_head.bias               | UNEXPECTED | 
lm_head.dense.weight       | UNEXPECTED | 
lm_head.layer_norm.bias    | UNEXPECTED | 
classifier.dense.bias      | MISSING    | 
classifier.out_proj.bias   | MISSING    | 
classifier.out_proj.weight | MISSING    | 
classifier.dense.weight    | MISSING    | 

Notes:
- UNEXPECTED:	can be ignored when loading from different task/architecture; not ok if you expect identical arch.
- MISSING:	those params were newly initialized because missing from the checkpoint. Consider training on your downstream task.
Traceback (most recent call last):
  File "<frozen runpy>", line 198, in _run_module_as_main
  File "<frozen runpy>", line 88, in _run_code
  File "/home5/s6207529/touche2026/src/train_encoder.py", line 238, in <module>
    main()
  File "/home5/s6207529/touche2026/src/train_encoder.py", line 158, in main
    targs = TrainingArguments(
            ^^^^^^^^^^^^^^^^^^
TypeError: TrainingArguments.__init__() got an unexpected keyword argument 'overwrite_output_dir'
