The following modules were not unloaded:
  (Use "module --force purge" to unload all):

  1) 2023.01   2) StdEnv
Warning: You are sending unauthenticated requests to the HF Hub. Please set a HF_TOKEN to enable higher rate limits and faster downloads.
Loading weights:   0%|          | 0/389 [00:00<?, ?it/s]Loading weights:  15%|█▌        | 59/389 [00:00<00:00, 584.21it/s]Loading weights:  30%|███       | 118/389 [00:00<00:01, 262.39it/s]Loading weights:  40%|███▉      | 154/389 [00:00<00:00, 266.78it/s]Loading weights:  48%|████▊     | 186/389 [00:00<00:00, 238.82it/s]Loading weights:  60%|█████▉    | 233/389 [00:00<00:00, 293.24it/s]Loading weights:  70%|███████   | 273/389 [00:00<00:00, 319.96it/s]Loading weights:  81%|████████  | 316/389 [00:01<00:00, 347.47it/s]Loading weights:  95%|█████████▌| 371/389 [00:01<00:00, 396.19it/s]Loading weights: 100%|██████████| 389/389 [00:01<00:00, 342.27it/s]
[transformers] [1mRobertaForSequenceClassification LOAD REPORT[0m from: roberta-large
Key                        | Status     | 
---------------------------+------------+-
lm_head.dense.weight       | UNEXPECTED | 
lm_head.dense.bias         | UNEXPECTED | 
lm_head.bias               | UNEXPECTED | 
lm_head.layer_norm.weight  | UNEXPECTED | 
lm_head.layer_norm.bias    | UNEXPECTED | 
classifier.out_proj.weight | MISSING    | 
classifier.dense.bias      | MISSING    | 
classifier.out_proj.bias   | MISSING    | 
classifier.dense.weight    | MISSING    | 

Notes:
- UNEXPECTED:	can be ignored when loading from different task/architecture; not ok if you expect identical arch.
- MISSING:	those params were newly initialized because missing from the checkpoint. Consider training on your downstream task.
[transformers] warmup_ratio is deprecated and will be removed in v5.2. Use `warmup_steps` instead.
Traceback (most recent call last):
  File "<frozen runpy>", line 198, in _run_module_as_main
  File "<frozen runpy>", line 88, in _run_code
  File "/home5/s6207529/touche2026/src/train_encoder.py", line 237, in <module>
    main()
  File "/home5/s6207529/touche2026/src/train_encoder.py", line 181, in main
    trainer = Trainer(
              ^^^^^^^^
TypeError: Trainer.__init__() got an unexpected keyword argument 'tokenizer'
